TN:
SF:/Users/pai/Documents/comp531/hw5/src/actions.js
FN:0,_interopRequireDefault
FN:21,getAction
FN:32,resource
FN:43,(anonymous_4)
FNF:4
FNH:3
FNDA:2,_interopRequireDefault
FNDA:0,getAction
FNDA:14,resource
FNDA:13,(anonymous_4)
DA:0,2
DA:1,1
DA:2,1
DA:4,1
DA:21,1
DA:22,0
DA:23,0
DA:30,1
DA:32,1
DA:34,14
DA:40,14
DA:42,14
DA:44,13
DA:45,13
DA:46,13
DA:48,0
DA:51,0
DA:56,1
LF:18
LH:14
BRDA:0,1,0,0
BRDA:0,1,1,2
BRDA:0,2,0,2
BRDA:0,2,1,2
BRDA:22,3,0,0
BRDA:22,3,1,0
BRDA:40,4,0,5
BRDA:40,4,1,9
BRDA:44,5,0,13
BRDA:44,5,1,0
BRDA:45,6,0,13
BRDA:45,6,1,0
BRF:12
BRH:8
end_of_record
TN:
SF:/Users/pai/Documents/comp531/hw5/src/actions.spec.js
FN:0,_interopRequireDefault
FN:9,(anonymous_2)
FN:13,(anonymous_3)
FN:23,(anonymous_4)
FN:30,(anonymous_5)
FN:39,(anonymous_6)
FN:48,(anonymous_7)
FN:50,(anonymous_8)
FN:58,(anonymous_9)
FN:68,(anonymous_10)
FN:76,(anonymous_11)
FN:94,(anonymous_12)
FN:112,(anonymous_13)
FNF:13
FNH:13
FNDA:4,_interopRequireDefault
FNDA:1,(anonymous_2)
FNDA:6,(anonymous_3)
FNDA:6,(anonymous_4)
FNDA:1,(anonymous_5)
FNDA:1,(anonymous_6)
FNDA:1,(anonymous_7)
FNDA:1,(anonymous_8)
FNDA:1,(anonymous_9)
FNDA:1,(anonymous_10)
FNDA:1,(anonymous_11)
FNDA:1,(anonymous_12)
FNDA:1,(anonymous_13)
DA:0,4
DA:1,1
DA:2,1
DA:3,1
DA:5,1
DA:6,1
DA:9,1
DA:11,1
DA:13,1
DA:14,6
DA:15,0
DA:16,0
DA:17,0
DA:19,6
DA:20,6
DA:23,1
DA:24,6
DA:25,0
DA:26,0
DA:30,1
DA:31,1
DA:39,1
DA:40,1
DA:41,1
DA:48,1
DA:50,1
DA:51,1
DA:58,1
DA:59,1
DA:60,1
DA:62,1
DA:68,1
DA:69,1
DA:76,1
DA:77,1
DA:78,1
DA:82,1
DA:83,1
DA:87,1
DA:88,1
DA:89,1
DA:90,1
DA:94,1
DA:95,1
DA:96,1
DA:100,1
DA:101,1
DA:105,1
DA:106,1
DA:107,1
DA:108,1
DA:112,1
DA:113,1
DA:114,1
DA:115,1
DA:116,1
DA:117,1
DA:118,1
LF:58
LH:53
BRDA:0,1,0,2
BRDA:0,1,1,2
BRDA:0,2,0,4
BRDA:0,2,1,4
BRDA:14,3,0,0
BRDA:14,3,1,6
BRDA:24,4,0,0
BRDA:24,4,1,6
BRF:8
BRH:6
end_of_record
TN:
SF:/Users/pai/Documents/comp531/hw5/src/reducers.js
FN:0,(anonymous_1)
FN:0,_interopRequireDefault
FN:7,shared
FN:25,landing
FN:36,profile
FN:40,(anonymous_6)
FN:52,followeds
FN:60,(anonymous_8)
FN:73,articles
FN:81,(anonymous_10)
FN:95,custom
FNF:11
FNH:10
FNDA:0,(anonymous_1)
FNDA:2,_interopRequireDefault
FNDA:36,shared
FNDA:27,landing
FNDA:27,profile
FNDA:6,(anonymous_6)
FNDA:27,followeds
FNDA:0,(anonymous_8)
FNDA:28,articles
FNDA:15,(anonymous_10)
FNDA:28,custom
DA:0,2
DA:1,1
DA:2,1
DA:4,1
DA:5,1
DA:7,36
DA:8,36
DA:9,36
DA:11,1
DA:13,1
DA:15,2
DA:17,4
DA:19,3
DA:21,25
DA:25,27
DA:26,27
DA:28,2
DA:30,1
DA:32,24
DA:36,27
DA:37,27
DA:39,6
DA:40,6
DA:41,6
DA:46,6
DA:48,21
DA:52,27
DA:53,27
DA:55,0
DA:56,0
DA:57,0
DA:59,0
DA:60,0
DA:61,0
DA:63,0
DA:65,0
DA:66,0
DA:67,0
DA:69,27
DA:73,28
DA:74,28
DA:76,3
DA:77,3
DA:78,3
DA:80,3
DA:81,3
DA:82,15
DA:87,3
DA:89,0
DA:91,25
DA:95,28
DA:96,28
DA:98,3
DA:100,25
DA:105,1
DA:109,1
LF:56
LH:45
BRDA:0,1,0,1
BRDA:0,1,1,0
BRDA:0,2,0,0
BRDA:0,2,1,0
BRDA:0,3,0,1
BRDA:0,3,1,1
BRDA:0,4,0,2
BRDA:0,4,1,2
BRDA:7,5,0,20
BRDA:7,5,1,16
BRDA:7,6,0,36
BRDA:7,6,1,36
BRDA:10,7,0,1
BRDA:10,7,1,1
BRDA:10,7,2,2
BRDA:10,7,3,4
BRDA:10,7,4,3
BRDA:10,7,5,25
BRDA:25,8,0,16
BRDA:25,8,1,11
BRDA:25,9,0,27
BRDA:25,9,1,27
BRDA:27,10,0,2
BRDA:27,10,1,1
BRDA:27,10,2,24
BRDA:36,11,0,16
BRDA:36,11,1,11
BRDA:36,12,0,27
BRDA:36,12,1,27
BRDA:38,13,0,6
BRDA:38,13,1,21
BRDA:52,14,0,16
BRDA:52,14,1,11
BRDA:52,15,0,27
BRDA:52,15,1,27
BRDA:54,16,0,0
BRDA:54,16,1,0
BRDA:54,16,2,27
BRDA:56,17,0,0
BRDA:56,17,1,0
BRDA:73,18,0,16
BRDA:73,18,1,12
BRDA:73,19,0,28
BRDA:73,19,1,28
BRDA:75,20,0,3
BRDA:75,20,1,0
BRDA:75,20,2,25
BRDA:77,21,0,3
BRDA:77,21,1,0
BRDA:95,22,0,16
BRDA:95,22,1,12
BRDA:95,23,0,28
BRDA:95,23,1,28
BRDA:97,24,0,3
BRDA:97,24,1,25
BRF:55
BRH:49
end_of_record
TN:
SF:/Users/pai/Documents/comp531/hw5/src/components/app.js
FN:0,_interopRequireDefault
FN:10,App
FN:28,(anonymous_3)
FNF:3
FNH:1
FNDA:4,_interopRequireDefault
FNDA:0,App
FNDA:0,(anonymous_3)
DA:0,4
DA:1,1
DA:2,1
DA:4,1
DA:5,1
DA:6,1
DA:10,1
DA:11,0
DA:12,0
DA:13,0
DA:15,0
DA:16,0
DA:19,0
DA:22,0
DA:28,1
DA:29,0
LF:16
LH:8
BRDA:0,1,0,3
BRDA:0,1,1,1
BRDA:0,2,0,4
BRDA:0,2,1,4
BRDA:12,3,0,0
BRDA:12,3,1,0
BRDA:15,4,0,0
BRDA:15,4,1,0
BRF:8
BRH:4
end_of_record
TN:
SF:/Users/pai/Documents/comp531/hw5/src/components/main/main.js
FN:0,_interopRequireDefault
FN:12,Main
FN:33,onClick
FN:65,(anonymous_4)
FNF:4
FNH:1
FNDA:5,_interopRequireDefault
FNDA:0,Main
FNDA:0,onClick
FNDA:0,(anonymous_4)
DA:0,5
DA:1,1
DA:2,1
DA:4,1
DA:6,1
DA:7,1
DA:8,1
DA:12,1
DA:14,0
DA:18,0
DA:23,0
DA:33,0
DA:60,1
DA:65,1
DA:66,0
LF:15
LH:10
BRDA:0,1,0,4
BRDA:0,1,1,1
BRDA:0,2,0,5
BRDA:0,2,1,5
BRDA:14,3,0,0
BRDA:14,3,1,0
BRDA:18,4,0,0
BRDA:18,4,1,0
BRF:8
BRH:4
end_of_record
TN:
SF:/Users/pai/Documents/comp531/hw5/src/components/main/headline.js
FN:0,_interopRequireDefault
FN:10,Headline
FN:16,onClick
FN:23,ref
FN:26,onClick
FN:44,(anonymous_6)
FNF:6
FNH:1
FNDA:3,_interopRequireDefault
FNDA:0,Headline
FNDA:0,onClick
FNDA:0,ref
FNDA:0,onClick
FNDA:0,(anonymous_6)
DA:0,3
DA:1,1
DA:3,1
DA:4,1
DA:6,1
DA:7,1
DA:10,1
DA:11,0
DA:13,0
DA:16,0
DA:24,0
DA:27,0
DA:28,0
DA:37,1
DA:44,1
DA:45,0
LF:16
LH:9
BRDA:0,1,0,1
BRDA:0,1,1,2
BRDA:0,2,0,3
BRDA:0,2,1,3
BRF:4
BRH:4
end_of_record
TN:
SF:/Users/pai/Documents/comp531/hw5/src/components/main/headlineActions.js
FN:0,_interopRequireDefault
FN:6,actLogout
FN:7,(anonymous_3)
FN:9,(anonymous_4)
FN:17,setHeadline
FN:18,(anonymous_6)
FN:20,(anonymous_7)
FNF:7
FNH:1
FNDA:2,_interopRequireDefault
FNDA:0,actLogout
FNDA:0,(anonymous_3)
FNDA:0,(anonymous_4)
FNDA:0,setHeadline
FNDA:0,(anonymous_6)
FNDA:0,(anonymous_7)
DA:0,2
DA:1,1
DA:3,1
DA:6,1
DA:7,0
DA:8,0
DA:10,0
DA:11,0
DA:17,1
DA:18,0
DA:19,0
DA:21,0
LF:12
LH:5
BRDA:0,1,0,1
BRDA:0,1,1,1
BRDA:0,2,0,2
BRDA:0,2,1,2
BRF:4
BRH:4
end_of_record
TN:
SF:/Users/pai/Documents/comp531/hw5/src/components/main/following.js
FN:0,_interopRequireDefault
FN:6,Following
FN:11,(anonymous_3)
FN:17,onClick
FN:32,ref
FN:35,onClick
FN:52,(anonymous_7)
FNF:7
FNH:1
FNDA:1,_interopRequireDefault
FNDA:0,Following
FNDA:0,(anonymous_3)
FNDA:0,onClick
FNDA:0,ref
FNDA:0,onClick
FNDA:0,(anonymous_7)
DA:0,1
DA:1,1
DA:2,1
DA:4,1
DA:6,1
DA:9,0
DA:11,0
DA:13,0
DA:18,0
DA:26,0
DA:33,0
DA:36,0
DA:37,0
DA:47,1
DA:52,1
DA:53,0
LF:16
LH:7
BRDA:0,1,0,0
BRDA:0,1,1,1
BRDA:0,2,0,1
BRDA:0,2,1,1
BRF:4
BRH:4
end_of_record
TN:
SF:/Users/pai/Documents/comp531/hw5/src/components/main/followingActions.js
FN:0,_interopRequireDefault
FN:8,getFolloweds
FN:9,(anonymous_3)
FN:11,(anonymous_4)
FN:14,(anonymous_5)
FN:25,getFollowedItems
FN:26,(anonymous_7)
FN:29,(anonymous_8)
FN:33,(anonymous_9)
FN:41,addFollowed
FN:42,(anonymous_11)
FN:44,(anonymous_12)
FN:52,(anonymous_13)
FN:59,removeFollowed
FN:60,(anonymous_15)
FN:62,(anonymous_16)
FNF:16
FNH:1
FNDA:2,_interopRequireDefault
FNDA:0,getFolloweds
FNDA:0,(anonymous_3)
FNDA:0,(anonymous_4)
FNDA:0,(anonymous_5)
FNDA:0,getFollowedItems
FNDA:0,(anonymous_7)
FNDA:0,(anonymous_8)
FNDA:0,(anonymous_9)
FNDA:0,addFollowed
FNDA:0,(anonymous_11)
FNDA:0,(anonymous_12)
FNDA:0,(anonymous_13)
FNDA:0,removeFollowed
FNDA:0,(anonymous_15)
FNDA:0,(anonymous_16)
DA:0,2
DA:1,1
DA:3,1
DA:5,1
DA:6,1
DA:8,1
DA:9,0
DA:10,0
DA:13,0
DA:14,0
DA:15,0
DA:17,0
DA:25,1
DA:26,0
DA:27,0
DA:28,0
DA:30,0
DA:32,0
DA:34,0
DA:36,0
DA:41,1
DA:42,0
DA:43,0
DA:45,0
DA:46,0
DA:47,0
DA:48,0
DA:50,0
DA:53,0
DA:59,1
DA:60,0
DA:61,0
DA:63,0
DA:64,0
DA:65,0
DA:66,0
DA:68,0
LF:37
LH:9
BRDA:0,1,0,1
BRDA:0,1,1,1
BRDA:0,2,0,2
BRDA:0,2,1,2
BRDA:46,3,0,0
BRDA:46,3,1,0
BRDA:63,4,0,0
BRDA:63,4,1,0
BRF:8
BRH:4
end_of_record
TN:
SF:/Users/pai/Documents/comp531/hw5/src/components/profile/profileActions.js
FN:0,_interopRequireDefault
FN:6,getProfile
FN:7,(anonymous_3)
FN:18,getProfileItems
FN:19,(anonymous_5)
FN:36,getAvatar
FN:37,(anonymous_7)
FN:39,(anonymous_8)
FN:41,(anonymous_9)
FN:47,getEmail
FN:48,(anonymous_11)
FN:50,(anonymous_12)
FN:52,(anonymous_13)
FN:58,getZipcode
FN:59,(anonymous_15)
FN:61,(anonymous_16)
FN:63,(anonymous_17)
FN:69,getDob
FN:70,(anonymous_19)
FN:72,(anonymous_20)
FN:74,(anonymous_21)
FN:80,getHeadline
FN:81,(anonymous_23)
FN:83,(anonymous_24)
FN:85,(anonymous_25)
FN:91,updateEmail
FN:92,(anonymous_27)
FN:94,(anonymous_28)
FN:96,(anonymous_29)
FN:102,updateHeadline
FN:103,(anonymous_31)
FN:105,(anonymous_32)
FN:107,(anonymous_33)
FN:114,updateZipcode
FN:115,(anonymous_35)
FN:117,(anonymous_36)
FN:119,(anonymous_37)
FN:125,updatePassword
FN:126,(anonymous_39)
FN:128,(anonymous_40)
FN:135,updateProfile
FN:136,(anonymous_42)
FN:140,(anonymous_43)
FN:154,(anonymous_44)
FN:185,(anonymous_45)
FN:203,(anonymous_46)
FN:207,(anonymous_47)
FNF:47
FNH:21
FNDA:2,_interopRequireDefault
FNDA:0,getProfile
FNDA:0,(anonymous_3)
FNDA:1,getProfileItems
FNDA:1,(anonymous_5)
FNDA:1,getAvatar
FNDA:1,(anonymous_7)
FNDA:1,(anonymous_8)
FNDA:0,(anonymous_9)
FNDA:1,getEmail
FNDA:1,(anonymous_11)
FNDA:1,(anonymous_12)
FNDA:0,(anonymous_13)
FNDA:1,getZipcode
FNDA:1,(anonymous_15)
FNDA:1,(anonymous_16)
FNDA:0,(anonymous_17)
FNDA:1,getDob
FNDA:1,(anonymous_19)
FNDA:1,(anonymous_20)
FNDA:0,(anonymous_21)
FNDA:1,getHeadline
FNDA:1,(anonymous_23)
FNDA:1,(anonymous_24)
FNDA:0,(anonymous_25)
FNDA:0,updateEmail
FNDA:0,(anonymous_27)
FNDA:0,(anonymous_28)
FNDA:0,(anonymous_29)
FNDA:1,updateHeadline
FNDA:1,(anonymous_31)
FNDA:1,(anonymous_32)
FNDA:0,(anonymous_33)
FNDA:0,updateZipcode
FNDA:0,(anonymous_35)
FNDA:0,(anonymous_36)
FNDA:0,(anonymous_37)
FNDA:0,updatePassword
FNDA:0,(anonymous_39)
FNDA:0,(anonymous_40)
FNDA:0,updateProfile
FNDA:0,(anonymous_42)
FNDA:0,(anonymous_43)
FNDA:0,(anonymous_44)
FNDA:0,(anonymous_45)
FNDA:0,(anonymous_46)
FNDA:0,(anonymous_47)
DA:0,2
DA:1,1
DA:3,1
DA:4,1
DA:6,1
DA:7,0
DA:8,0
DA:9,0
DA:10,0
DA:11,0
DA:12,0
DA:14,0
DA:18,1
DA:19,1
DA:20,1
DA:21,1
DA:22,1
DA:23,1
DA:24,1
DA:26,1
DA:36,1
DA:37,1
DA:38,1
DA:40,1
DA:42,0
DA:47,1
DA:48,1
DA:49,1
DA:51,1
DA:53,0
DA:58,1
DA:59,1
DA:60,1
DA:62,1
DA:64,0
DA:69,1
DA:70,1
DA:71,1
DA:73,1
DA:75,0
DA:80,1
DA:81,1
DA:82,1
DA:84,1
DA:86,0
DA:91,1
DA:92,0
DA:93,0
DA:95,0
DA:97,0
DA:102,1
DA:103,1
DA:104,1
DA:106,1
DA:108,0
DA:109,0
DA:114,1
DA:115,0
DA:116,0
DA:118,0
DA:120,0
DA:125,1
DA:126,0
DA:127,0
DA:129,0
DA:135,1
DA:136,0
DA:137,0
DA:139,0
DA:141,0
DA:142,0
DA:147,0
DA:148,0
DA:152,0
DA:153,0
DA:155,0
DA:157,0
DA:158,0
DA:159,0
DA:164,0
DA:165,0
DA:166,0
DA:171,0
DA:172,0
DA:173,0
DA:182,0
DA:183,0
DA:184,0
DA:186,0
DA:188,0
DA:191,0
DA:194,0
DA:197,0
DA:203,0
DA:204,0
DA:207,0
LF:96
LH:41
BRDA:0,1,0,1
BRDA:0,1,1,1
BRDA:0,2,0,2
BRDA:0,2,1,2
BRDA:141,3,0,0
BRDA:141,3,1,0
BRDA:141,4,0,0
BRDA:141,4,1,0
BRDA:147,5,0,0
BRDA:147,5,1,0
BRDA:156,6,0,0
BRDA:156,6,1,0
BRDA:156,6,2,0
BRDA:156,6,3,0
BRDA:157,7,0,0
BRDA:157,7,1,0
BRDA:164,8,0,0
BRDA:164,8,1,0
BRDA:171,9,0,0
BRDA:171,9,1,0
BRDA:182,10,0,0
BRDA:182,10,1,0
BRDA:187,11,0,0
BRDA:187,11,1,0
BRDA:187,11,2,0
BRDA:187,11,3,0
BRDA:187,11,4,0
BRF:27
BRH:6
end_of_record
TN:
SF:/Users/pai/Documents/comp531/hw5/src/components/article/articleActions.js
FN:0,_interopRequireDefault
FN:6,filterArticles
FN:7,(anonymous_3)
FN:13,postNewArticle
FN:14,(anonymous_5)
FN:16,(anonymous_6)
FN:17,(anonymous_7)
FN:35,getArticles
FN:36,(anonymous_9)
FN:38,(anonymous_10)
FN:39,(anonymous_11)
FN:57,showComments
FN:58,(anonymous_13)
FN:68,hideComments
FN:69,(anonymous_15)
FN:79,filterShownArticles
FN:80,(anonymous_17)
FN:87,sortByTimeAndArrayize
FN:90,compareTime
FN:103,(anonymous_20)
FNF:20
FNH:9
FNDA:2,_interopRequireDefault
FNDA:1,filterArticles
FNDA:1,(anonymous_3)
FNDA:1,postNewArticle
FNDA:0,(anonymous_5)
FNDA:0,(anonymous_6)
FNDA:0,(anonymous_7)
FNDA:0,getArticles
FNDA:0,(anonymous_9)
FNDA:0,(anonymous_10)
FNDA:0,(anonymous_11)
FNDA:0,showComments
FNDA:0,(anonymous_13)
FNDA:0,hideComments
FNDA:0,(anonymous_15)
FNDA:2,filterShownArticles
FNDA:4,(anonymous_17)
FNDA:2,sortByTimeAndArrayize
FNDA:2,compareTime
FNDA:4,(anonymous_20)
DA:0,2
DA:1,1
DA:3,1
DA:6,1
DA:7,1
DA:8,1
DA:13,1
DA:14,1
DA:15,0
DA:17,0
DA:18,0
DA:23,0
DA:28,0
DA:35,1
DA:36,0
DA:37,0
DA:39,0
DA:40,0
DA:45,0
DA:57,1
DA:58,0
DA:59,0
DA:68,1
DA:69,0
DA:70,0
DA:79,1
DA:80,2
DA:81,4
DA:87,1
DA:90,1
DA:91,2
DA:92,2
DA:94,2
DA:95,2
DA:97,0
DA:98,0
DA:100,0
DA:103,2
DA:104,4
DA:107,2
DA:109,2
LF:41
LH:24
BRDA:0,1,0,1
BRDA:0,1,1,1
BRDA:0,2,0,2
BRDA:0,2,1,2
BRDA:81,3,0,4
BRDA:81,3,1,2
BRDA:94,4,0,2
BRDA:94,4,1,0
BRDA:97,5,0,0
BRDA:97,5,1,0
BRF:10
BRH:7
end_of_record
TN:
SF:/Users/pai/Documents/comp531/hw5/src/components/article/articleView.js
FN:0,_interopRequireDefault
FN:8,ArticleView
FN:18,(anonymous_3)
FN:39,ref
FN:39,onChange
FN:60,(anonymous_6)
FNF:6
FNH:3
FNDA:1,_interopRequireDefault
FNDA:1,ArticleView
FNDA:2,(anonymous_3)
FNDA:0,ref
FNDA:0,onChange
FNDA:0,(anonymous_6)
DA:0,1
DA:1,1
DA:2,1
DA:4,1
DA:5,1
DA:6,1
DA:8,1
DA:11,1
DA:13,1
DA:15,1
DA:16,1
DA:18,1
DA:19,2
DA:23,1
DA:39,0
DA:54,1
DA:60,1
DA:61,0
LF:18
LH:16
BRDA:0,1,0,0
BRDA:0,1,1,1
BRDA:0,2,0,1
BRDA:0,2,1,1
BRF:4
BRH:4
end_of_record
TN:
SF:/Users/pai/Documents/comp531/hw5/src/components/article/article.js
FN:0,_interopRequireDefault
FN:10,Article
FN:15,(anonymous_3)
FN:36,onClick
FNF:4
FNH:1
FNDA:2,_interopRequireDefault
FNDA:0,Article
FNDA:0,(anonymous_3)
FNDA:0,onClick
DA:0,2
DA:1,1
DA:2,1
DA:4,1
DA:6,1
DA:8,1
DA:10,1
DA:12,0
DA:14,0
DA:17,0
DA:23,0
DA:37,0
DA:38,0
DA:40,0
DA:55,1
LF:15
LH:8
BRDA:0,1,0,1
BRDA:0,1,1,1
BRDA:0,2,0,2
BRDA:0,2,1,2
BRDA:12,3,0,0
BRDA:12,3,1,0
BRDA:14,4,0,0
BRDA:14,4,1,0
BRDA:37,5,0,0
BRDA:37,5,1,0
BRF:10
BRH:4
end_of_record
TN:
SF:/Users/pai/Documents/comp531/hw5/src/components/article/comment.js
FN:0,_interopRequireDefault
FN:4,Comment
FNF:2
FNH:1
FNDA:1,_interopRequireDefault
FNDA:0,Comment
DA:0,1
DA:1,1
DA:2,1
DA:4,1
DA:7,0
DA:24,1
LF:6
LH:5
BRDA:0,1,0,0
BRDA:0,1,1,1
BRDA:0,2,0,1
BRDA:0,2,1,1
BRF:4
BRH:4
end_of_record
TN:
SF:/Users/pai/Documents/comp531/hw5/src/components/article/newArticle.js
FN:0,_interopRequireDefault
FN:6,NewArticle
FN:13,ref
FN:18,onClick
FN:30,(anonymous_5)
FNF:5
FNH:4
FNDA:1,_interopRequireDefault
FNDA:1,NewArticle
FNDA:1,ref
FNDA:1,onClick
FNDA:0,(anonymous_5)
DA:0,1
DA:1,1
DA:2,1
DA:4,1
DA:6,1
DA:8,1
DA:11,1
DA:13,1
DA:19,1
DA:26,1
DA:30,1
DA:31,0
LF:12
LH:11
BRDA:0,1,0,0
BRDA:0,1,1,1
BRDA:0,2,0,1
BRDA:0,2,1,1
BRF:4
BRH:4
end_of_record
TN:
SF:/Users/pai/Documents/comp531/hw5/src/components/auth/landing.js
FN:0,_interopRequireDefault
FN:9,Landing
FN:59,(anonymous_3)
FNF:3
FNH:1
FNDA:4,_interopRequireDefault
FNDA:0,Landing
FNDA:0,(anonymous_3)
DA:0,4
DA:1,1
DA:2,1
DA:4,1
DA:6,1
DA:7,1
DA:9,1
DA:12,0
DA:18,0
DA:23,0
DA:54,1
DA:59,1
DA:60,0
LF:13
LH:9
BRDA:0,1,0,3
BRDA:0,1,1,1
BRDA:0,2,0,4
BRDA:0,2,1,4
BRDA:12,3,0,0
BRDA:12,3,1,0
BRDA:18,4,0,0
BRDA:18,4,1,0
BRF:8
BRH:4
end_of_record
TN:
SF:/Users/pai/Documents/comp531/hw5/src/components/auth/register.js
FN:0,_interopRequireDefault
FN:7,Register
FN:20,ref
FN:26,ref
FN:32,ref
FN:38,ref
FN:44,ref
FN:50,ref
FN:54,onClick
FNF:9
FNH:1
FNDA:1,_interopRequireDefault
FNDA:0,Register
FNDA:0,ref
FNDA:0,ref
FNDA:0,ref
FNDA:0,ref
FNDA:0,ref
FNDA:0,ref
FNDA:0,onClick
DA:0,1
DA:1,1
DA:3,1
DA:5,1
DA:7,1
DA:10,0
DA:13,0
DA:21,0
DA:27,0
DA:33,0
DA:39,0
DA:45,0
DA:51,0
DA:55,0
DA:64,1
LF:15
LH:6
BRDA:0,1,0,0
BRDA:0,1,1,1
BRDA:0,2,0,1
BRDA:0,2,1,1
BRF:4
BRH:4
end_of_record
TN:
SF:/Users/pai/Documents/comp531/hw5/src/components/auth/authActions.js
FN:0,(anonymous_1)
FN:0,(anonymous_2)
FN:0,_interopRequireDefault
FN:10,getFilledMain
FN:11,(anonymous_5)
FN:17,(anonymous_6)
FN:20,(anonymous_7)
FN:30,actLogin
FN:31,(anonymous_9)
FN:33,(anonymous_10)
FN:43,(anonymous_11)
FN:53,actLogout
FN:54,(anonymous_13)
FN:56,(anonymous_14)
FN:59,(anonymous_15)
FN:68,actRegistrationCheck
FN:69,(anonymous_17)
FN:109,(anonymous_18)
FN:126,validatedob
FNF:19
FNH:10
FNDA:3,(anonymous_1)
FNDA:0,(anonymous_2)
FNDA:2,_interopRequireDefault
FNDA:2,getFilledMain
FNDA:0,(anonymous_5)
FNDA:0,(anonymous_6)
FNDA:0,(anonymous_7)
FNDA:3,actLogin
FNDA:3,(anonymous_9)
FNDA:3,(anonymous_10)
FNDA:0,(anonymous_11)
FNDA:1,actLogout
FNDA:1,(anonymous_13)
FNDA:1,(anonymous_14)
FNDA:0,(anonymous_15)
FNDA:0,actRegistrationCheck
FNDA:0,(anonymous_17)
FNDA:0,(anonymous_18)
FNDA:0,validatedob
DA:0,3
DA:1,1
DA:3,1
DA:4,1
DA:5,1
DA:6,1
DA:7,1
DA:10,1
DA:11,2
DA:12,0
DA:13,0
DA:14,0
DA:16,0
DA:18,0
DA:21,0
DA:30,1
DA:31,3
DA:32,3
DA:34,3
DA:35,2
DA:36,2
DA:38,1
DA:44,0
DA:53,1
DA:54,1
DA:55,1
DA:57,1
DA:58,1
DA:60,0
DA:68,1
DA:69,0
DA:70,0
DA:71,0
DA:75,0
DA:76,0
DA:80,0
DA:81,0
DA:85,0
DA:86,0
DA:90,0
DA:91,0
DA:95,0
DA:96,0
DA:101,0
DA:108,0
DA:110,0
DA:111,0
DA:116,0
DA:126,1
DA:127,0
DA:128,0
DA:129,0
DA:130,0
LF:53
LH:23
BRDA:0,1,0,1
BRDA:0,1,1,0
BRDA:0,2,0,1
BRDA:0,2,1,1
BRDA:0,3,0,0
BRDA:0,3,1,0
BRDA:0,4,0,0
BRDA:0,4,1,0
BRDA:0,4,2,0
BRDA:0,4,3,0
BRDA:0,5,0,1
BRDA:0,5,1,1
BRDA:0,6,0,2
BRDA:0,6,1,2
BRDA:34,7,0,2
BRDA:34,7,1,1
BRDA:34,8,0,3
BRDA:34,8,1,2
BRDA:34,9,0,0
BRDA:34,9,1,3
BRDA:70,10,0,0
BRDA:70,10,1,0
BRDA:75,11,0,0
BRDA:75,11,1,0
BRDA:80,12,0,0
BRDA:80,12,1,0
BRDA:85,13,0,0
BRDA:85,13,1,0
BRDA:90,14,0,0
BRDA:90,14,1,0
BRDA:95,15,0,0
BRDA:95,15,1,0
BRDA:110,16,0,0
BRDA:110,16,1,0
BRDA:110,17,0,0
BRDA:110,17,1,0
BRDA:110,18,0,0
BRDA:110,18,1,0
BRF:38
BRH:19
end_of_record
TN:
SF:/Users/pai/Documents/comp531/hw5/src/components/auth/login.js
FN:0,_interopRequireDefault
FN:6,Login
FN:22,ref
FN:27,ref
FN:29,onClick
FNF:5
FNH:1
FNDA:1,_interopRequireDefault
FNDA:0,Login
FNDA:0,ref
FNDA:0,ref
FNDA:0,onClick
DA:0,1
DA:1,1
DA:3,1
DA:4,1
DA:6,1
DA:9,0
DA:11,0
DA:14,0
DA:22,0
DA:27,0
DA:30,0
DA:39,1
LF:12
LH:6
BRDA:0,1,0,0
BRDA:0,1,1,1
BRDA:0,2,0,1
BRDA:0,2,1,1
BRF:4
BRH:4
end_of_record
TN:
SF:/Users/pai/Documents/comp531/hw5/src/components/profile/profile.js
FN:0,_interopRequireDefault
FN:11,Profile
FN:20,onClick
FNF:3
FNH:1
FNDA:4,_interopRequireDefault
FNDA:0,Profile
FNDA:0,onClick
DA:0,4
DA:1,1
DA:2,1
DA:4,1
DA:7,1
DA:8,1
DA:11,1
DA:12,0
DA:20,0
DA:37,1
LF:10
LH:8
BRDA:0,1,0,3
BRDA:0,1,1,1
BRDA:0,2,0,4
BRDA:0,2,1,4
BRF:4
BRH:4
end_of_record
TN:
SF:/Users/pai/Documents/comp531/hw5/src/components/profile/avatar.js
FN:0,_interopRequireDefault
FN:5,Avatar
FN:31,(anonymous_3)
FNF:3
FNH:1
FNDA:1,_interopRequireDefault
FNDA:0,Avatar
FNDA:0,(anonymous_3)
DA:0,1
DA:1,1
DA:2,1
DA:5,1
DA:7,0
DA:23,1
DA:31,1
DA:32,0
LF:8
LH:6
BRDA:0,1,0,0
BRDA:0,1,1,1
BRDA:0,2,0,1
BRDA:0,2,1,1
BRF:4
BRH:4
end_of_record
TN:
SF:/Users/pai/Documents/comp531/hw5/src/components/profile/profileForm.js
FN:0,_interopRequireDefault
FN:12,ProfileForm
FN:57,ref
FN:65,ref
FN:73,ref
FN:81,ref
FN:88,ref
FN:93,onClick
FN:111,(anonymous_9)
FNF:9
FNH:1
FNDA:4,_interopRequireDefault
FNDA:0,ProfileForm
FNDA:0,ref
FNDA:0,ref
FNDA:0,ref
FNDA:0,ref
FNDA:0,ref
FNDA:0,onClick
FNDA:0,(anonymous_9)
DA:0,4
DA:1,1
DA:2,1
DA:4,1
DA:5,1
DA:6,1
DA:8,1
DA:9,1
DA:12,1
DA:15,0
DA:17,0
DA:22,0
DA:27,0
DA:28,0
DA:29,0
DA:30,0
DA:31,0
DA:34,0
DA:58,0
DA:66,0
DA:74,0
DA:82,0
DA:89,0
DA:94,0
DA:103,1
DA:111,1
DA:112,0
LF:27
LH:11
BRDA:0,1,0,2
BRDA:0,1,1,2
BRDA:0,2,0,4
BRDA:0,2,1,4
BRDA:17,3,0,0
BRDA:17,3,1,0
BRDA:22,4,0,0
BRDA:22,4,1,0
BRF:8
BRH:4
end_of_record
TN:
SF:/Users/pai/Documents/comp531/hw5/src/components/article/articleActions.spec.js
FN:0,_interopRequireDefault
FN:8,(anonymous_2)
FN:12,(anonymous_3)
FN:23,(anonymous_4)
FN:31,(anonymous_5)
FN:40,(anonymous_6)
FN:48,(anonymous_7)
FN:52,dispatch
FNF:8
FNH:8
FNDA:4,_interopRequireDefault
FNDA:1,(anonymous_2)
FNDA:2,(anonymous_3)
FNDA:2,(anonymous_4)
FNDA:1,(anonymous_5)
FNDA:1,(anonymous_6)
FNDA:1,(anonymous_7)
FNDA:2,dispatch
DA:0,4
DA:1,1
DA:2,1
DA:3,1
DA:5,1
DA:6,1
DA:8,1
DA:10,1
DA:12,1
DA:13,2
DA:14,0
DA:15,0
DA:16,0
DA:18,2
DA:19,2
DA:20,2
DA:23,1
DA:24,2
DA:25,0
DA:26,0
DA:31,1
DA:33,1
DA:39,1
DA:41,1
DA:48,1
DA:49,1
DA:51,1
DA:52,1
DA:53,2
DA:55,1
DA:56,1
DA:57,1
LF:32
LH:27
BRDA:0,1,0,2
BRDA:0,1,1,2
BRDA:0,2,0,4
BRDA:0,2,1,4
BRDA:13,3,0,0
BRDA:13,3,1,2
BRDA:24,4,0,0
BRDA:24,4,1,2
BRF:8
BRH:6
end_of_record
TN:
SF:/Users/pai/Documents/comp531/hw5/src/components/article/articleView.spec.js
FN:0,_interopRequireDefault
FN:11,(anonymous_2)
FN:13,(anonymous_3)
FN:35,dispatch
FN:45,(anonymous_5)
FN:48,dispatch
FN:55,dispatch
FNF:7
FNH:6
FNDA:3,_interopRequireDefault
FNDA:1,(anonymous_2)
FNDA:1,(anonymous_3)
FNDA:0,dispatch
FNDA:1,(anonymous_5)
FNDA:1,dispatch
FNDA:1,dispatch
DA:0,3
DA:1,1
DA:2,1
DA:3,1
DA:5,1
DA:6,1
DA:7,1
DA:8,1
DA:9,1
DA:11,1
DA:13,1
DA:14,1
DA:32,1
DA:33,1
DA:34,1
DA:35,0
DA:37,1
DA:38,1
DA:39,1
DA:40,1
DA:41,1
DA:45,1
DA:47,1
DA:48,1
DA:49,1
DA:51,1
DA:52,1
DA:53,1
DA:55,1
DA:58,1
DA:59,1
DA:60,1
DA:61,1
DA:62,1
LF:34
LH:33
BRDA:0,1,0,1
BRDA:0,1,1,2
BRDA:0,2,0,3
BRDA:0,2,1,3
BRF:4
BRH:4
end_of_record
TN:
SF:/Users/pai/Documents/comp531/hw5/src/components/auth/authActions.spec.js
FN:0,_interopRequireDefault
FN:8,(anonymous_2)
FN:12,(anonymous_3)
FN:23,(anonymous_4)
FN:31,(anonymous_5)
FN:40,dispatch
FN:48,(anonymous_7)
FN:56,(anonymous_8)
FN:68,dispatch
FN:74,(anonymous_10)
FN:82,(anonymous_11)
FN:99,dispatch
FN:105,(anonymous_13)
FN:107,(anonymous_14)
FNF:14
FNH:14
FNDA:4,_interopRequireDefault
FNDA:1,(anonymous_2)
FNDA:3,(anonymous_3)
FNDA:3,(anonymous_4)
FNDA:1,(anonymous_5)
FNDA:2,dispatch
FNDA:1,(anonymous_7)
FNDA:1,(anonymous_8)
FNDA:3,dispatch
FNDA:1,(anonymous_10)
FNDA:1,(anonymous_11)
FNDA:5,dispatch
FNDA:1,(anonymous_13)
FNDA:1,(anonymous_14)
DA:0,4
DA:1,1
DA:2,1
DA:3,1
DA:5,1
DA:6,1
DA:8,1
DA:10,1
DA:12,1
DA:13,3
DA:14,0
DA:15,0
DA:16,0
DA:18,3
DA:19,3
DA:20,3
DA:23,1
DA:24,3
DA:25,0
DA:26,0
DA:31,1
DA:33,1
DA:39,1
DA:40,1
DA:41,2
DA:43,1
DA:44,1
DA:45,1
DA:47,1
DA:49,1
DA:56,1
DA:58,1
DA:59,1
DA:61,1
DA:67,1
DA:68,1
DA:69,3
DA:71,1
DA:73,1
DA:75,1
DA:82,1
DA:84,1
DA:85,1
DA:87,1
DA:92,1
DA:98,1
DA:99,1
DA:100,5
DA:102,1
DA:104,1
DA:106,1
DA:108,1
LF:52
LH:47
BRDA:0,1,0,2
BRDA:0,1,1,2
BRDA:0,2,0,4
BRDA:0,2,1,4
BRDA:13,3,0,0
BRDA:13,3,1,3
BRDA:24,4,0,0
BRDA:24,4,1,3
BRF:8
BRH:6
end_of_record
TN:
SF:/Users/pai/Documents/comp531/hw5/src/components/profile/profileActions.spec.js
FN:0,_interopRequireDefault
FN:8,(anonymous_2)
FN:10,(anonymous_3)
FN:22,(anonymous_4)
FN:29,(anonymous_5)
FN:64,dispatch
FN:71,(anonymous_7)
FN:85,(anonymous_8)
FN:96,dispatch
FN:102,(anonymous_10)
FNF:10
FNH:10
FNDA:5,_interopRequireDefault
FNDA:1,(anonymous_2)
FNDA:2,(anonymous_3)
FNDA:2,(anonymous_4)
FNDA:1,(anonymous_5)
FNDA:6,dispatch
FNDA:1,(anonymous_7)
FNDA:1,(anonymous_8)
FNDA:2,dispatch
FNDA:1,(anonymous_10)
DA:0,5
DA:1,1
DA:2,1
DA:3,1
DA:4,1
DA:5,1
DA:6,1
DA:8,1
DA:9,1
DA:10,1
DA:11,2
DA:12,0
DA:13,0
DA:14,0
DA:16,2
DA:17,2
DA:18,2
DA:19,2
DA:22,1
DA:23,2
DA:24,0
DA:25,0
DA:29,1
DA:31,1
DA:32,1
DA:33,1
DA:34,1
DA:35,1
DA:36,1
DA:38,1
DA:43,1
DA:48,1
DA:53,1
DA:58,1
DA:63,1
DA:64,1
DA:65,6
DA:67,1
DA:69,1
DA:70,1
DA:72,1
DA:73,1
DA:74,1
DA:75,1
DA:76,1
DA:80,0
DA:85,1
DA:86,1
DA:87,1
DA:89,1
DA:95,1
DA:96,1
DA:97,2
DA:99,1
DA:101,1
DA:103,1
LF:56
LH:50
BRDA:0,1,0,2
BRDA:0,1,1,3
BRDA:0,2,0,5
BRDA:0,2,1,5
BRDA:11,3,0,0
BRDA:11,3,1,2
BRDA:23,4,0,0
BRDA:23,4,1,2
BRF:8
BRH:6
end_of_record
TN:
SF:/Users/pai/Documents/comp531/hw5/src/reducers.spec.js
FN:0,_interopRequireDefault
FN:7,(anonymous_2)
FN:9,(anonymous_3)
FN:20,(anonymous_4)
FN:26,(anonymous_5)
FN:33,(anonymous_6)
FN:48,(anonymous_7)
FN:54,(anonymous_8)
FNF:8
FNH:8
FNDA:2,_interopRequireDefault
FNDA:1,(anonymous_2)
FNDA:1,(anonymous_3)
FNDA:1,(anonymous_4)
FNDA:1,(anonymous_5)
FNDA:1,(anonymous_6)
FNDA:1,(anonymous_7)
FNDA:1,(anonymous_8)
DA:0,2
DA:1,1
DA:3,1
DA:4,1
DA:5,1
DA:7,1
DA:9,1
DA:10,1
DA:20,1
DA:21,1
DA:22,1
DA:26,1
DA:27,1
DA:28,1
DA:33,1
DA:34,1
DA:41,1
DA:42,1
DA:43,1
DA:48,1
DA:49,1
DA:54,1
DA:55,1
DA:61,1
DA:67,1
DA:68,1
DA:70,1
DA:72,1
DA:73,1
DA:74,1
DA:75,1
LF:31
LH:31
BRDA:0,1,0,2
BRDA:0,1,1,0
BRDA:0,2,0,2
BRDA:0,2,1,2
BRF:4
BRH:4
end_of_record
